C51 COMPILER V9.00   DELAY                                                                 04/17/2022 23:06:00 PAGE 1   


C51 COMPILER V9.00, COMPILATION OF MODULE DELAY
OBJECT MODULE PLACED IN ..\hex OUTPUT\delay.obj
COMPILER INVOKED BY: G:\51开发板标配资料V3_3\5、程序开发软件\keil4\C51\BIN\C51.EXE delay.c BROWSE DEBUG OBJECTEXTEND OBJ
                    -ECT(..\hex OUTPUT\delay.obj)

line level    source

   1          #include "delay.h"
   2          
   3          void delay(unsigned int z)
   4          {
   5   1              unsigned int x,y;
   6   1              for(x=z;x>0;x--)
   7   1                      for(y=114;y>0;y--);
   8   1      }
   9          
  10          void Delay200ms()               //@11.0592MHz
  11          {
  12   1              unsigned char i, j, k;
  13   1      
  14   1              _nop_();
  15   1              i = 2;
  16   1              j = 103;
  17   1              k = 147;
  18   1              do
  19   1              {
  20   2                      do
  21   2                      {
  22   3                              while (--k);
  23   3                      } while (--j);
  24   2              } while (--i);
  25   1      }
  26          


MODULE INFORMATION:   STATIC OVERLAYABLE
   CODE SIZE        =     44    ----
   CONSTANT SIZE    =   ----    ----
   XDATA SIZE       =   ----    ----
   PDATA SIZE       =   ----    ----
   DATA SIZE        =   ----    ----
   IDATA SIZE       =   ----    ----
   BIT SIZE         =   ----    ----
END OF MODULE INFORMATION.


C51 COMPILATION COMPLETE.  0 WARNING(S),  0 ERROR(S)
